<?xml version="1.0" encoding="UTF-8"?>
<testng-results skipped="0" failed="0" ignored="0" total="1" passed="1">
  <reporter-output>
  </reporter-output>
  <suite name="Suite1" duration-ms="553" started-at="2018-12-30T05:22:50Z" finished-at="2018-12-30T05:22:51Z">
    <groups>
      <group name="cucumber">
        <method signature="AbstractTestNGCucumberTests.feature(cucumber.api.testng.CucumberFeatureWrapper)[pri:0, instance:com.tt.TestRunner.TestRunner@90f6bfd]" name="feature" class="cucumber.api.testng.AbstractTestNGCucumberTests"/>
      </group> <!-- cucumber -->
    </groups>
    <test name="Nopackage" duration-ms="553" started-at="2018-12-30T05:22:50Z" finished-at="2018-12-30T05:22:51Z">
      <class name="com.tt.TestRunner.TestRunner">
        <test-method status="PASS" signature="setUpClass()[pri:0, instance:com.tt.TestRunner.TestRunner@90f6bfd]" name="setUpClass" is-config="true" duration-ms="324" started-at="2018-12-30T05:22:50Z" finished-at="2018-12-30T05:22:51Z">
          <reporter-output>
          </reporter-output>
        </test-method> <!-- setUpClass -->
        <test-method status="PASS" signature="feature(cucumber.api.testng.CucumberFeatureWrapper)[pri:0, instance:com.tt.TestRunner.TestRunner@90f6bfd]" name="feature" duration-ms="16" started-at="2018-12-30T05:22:51Z" description="Runs Cucumber Feature" data-provider="features" finished-at="2018-12-30T05:22:51Z">
          <params>
            <param index="0">
              <value>
                <![CDATA[register a user]]>
              </value>
            </param>
          </params>
          <reporter-output>
          </reporter-output>
        </test-method> <!-- feature -->
        <test-method status="PASS" signature="tearDownClass()[pri:0, instance:com.tt.TestRunner.TestRunner@90f6bfd]" name="tearDownClass" is-config="true" duration-ms="27" started-at="2018-12-30T05:22:51Z" finished-at="2018-12-30T05:22:51Z">
          <reporter-output>
          </reporter-output>
        </test-method> <!-- tearDownClass -->
      </class> <!-- com.tt.TestRunner.TestRunner -->
    </test> <!-- Nopackage -->
  </suite> <!-- Suite1 -->
</testng-results>
