<?xml version="1.0" encoding="UTF-8"?>
<testng-results skipped="0" failed="0" ignored="0" total="0" passed="0">
  <reporter-output>
  </reporter-output>
  <suite name="Suite1" duration-ms="496" started-at="2018-12-21T05:27:38Z" finished-at="2018-12-21T05:27:39Z">
    <groups>
      <group name="cucumber">
        <method signature="AbstractTestNGCucumberTests.feature(cucumber.api.testng.CucumberFeatureWrapper)[pri:0, instance:com.tt.TestRunner.TestRunner@90f6bfd]" name="feature" class="cucumber.api.testng.AbstractTestNGCucumberTests"/>
      </group> <!-- cucumber -->
    </groups>
    <test name="Nopackage" duration-ms="496" started-at="2018-12-21T05:27:38Z" finished-at="2018-12-21T05:27:39Z">
      <class name="com.tt.TestRunner.TestRunner">
        <test-method status="PASS" signature="setUpClass()[pri:0, instance:com.tt.TestRunner.TestRunner@90f6bfd]" name="setUpClass" is-config="true" duration-ms="334" started-at="2018-12-21T05:27:38Z" finished-at="2018-12-21T05:27:39Z">
          <reporter-output>
          </reporter-output>
        </test-method> <!-- setUpClass -->
        <test-method status="PASS" signature="tearDownClass()[pri:0, instance:com.tt.TestRunner.TestRunner@90f6bfd]" name="tearDownClass" is-config="true" duration-ms="10" started-at="2018-12-21T05:27:39Z" finished-at="2018-12-21T05:27:39Z">
          <reporter-output>
          </reporter-output>
        </test-method> <!-- tearDownClass -->
      </class> <!-- com.tt.TestRunner.TestRunner -->
    </test> <!-- Nopackage -->
  </suite> <!-- Suite1 -->
</testng-results>
