<?xml version="1.0" encoding="UTF-8"?>
<testng-results skipped="0" failed="0" ignored="0" total="1" passed="1">
  <reporter-output>
  </reporter-output>
  <suite name="Suite1" duration-ms="632" started-at="2018-12-30T05:22:20Z" finished-at="2018-12-30T05:22:20Z">
    <groups>
      <group name="cucumber">
        <method signature="AbstractTestNGCucumberTests.feature(cucumber.api.testng.CucumberFeatureWrapper)[pri:0, instance:com.tt.TestRunner.TestRunner@6093dd95]" name="feature" class="cucumber.api.testng.AbstractTestNGCucumberTests"/>
      </group> <!-- cucumber -->
    </groups>
    <test name="Nopackage" duration-ms="632" started-at="2018-12-30T05:22:20Z" finished-at="2018-12-30T05:22:20Z">
      <class name="com.tt.TestRunner.TestRunner">
        <test-method status="PASS" signature="setUpClass()[pri:0, instance:com.tt.TestRunner.TestRunner@6093dd95]" name="setUpClass" is-config="true" duration-ms="366" started-at="2018-12-30T05:22:20Z" finished-at="2018-12-30T05:22:20Z">
          <reporter-output>
          </reporter-output>
        </test-method> <!-- setUpClass -->
        <test-method status="PASS" signature="feature(cucumber.api.testng.CucumberFeatureWrapper)[pri:0, instance:com.tt.TestRunner.TestRunner@6093dd95]" name="feature" duration-ms="34" started-at="2018-12-30T05:22:20Z" description="Runs Cucumber Feature" data-provider="features" finished-at="2018-12-30T05:22:20Z">
          <params>
            <param index="0">
              <value>
                <![CDATA[register a user]]>
              </value>
            </param>
          </params>
          <reporter-output>
          </reporter-output>
        </test-method> <!-- feature -->
        <test-method status="PASS" signature="tearDownClass()[pri:0, instance:com.tt.TestRunner.TestRunner@6093dd95]" name="tearDownClass" is-config="true" duration-ms="43" started-at="2018-12-30T05:22:20Z" finished-at="2018-12-30T05:22:20Z">
          <reporter-output>
          </reporter-output>
        </test-method> <!-- tearDownClass -->
      </class> <!-- com.tt.TestRunner.TestRunner -->
    </test> <!-- Nopackage -->
  </suite> <!-- Suite1 -->
</testng-results>
